Picked up JAVA_TOOL_OPTIONS: -Xmx2g
Opening log file:  /tmp/java.log.38869

                            < M A T L A B (R) >
                  Copyright 1984-2021 The MathWorks, Inc.
             R2021a Update 5 (9.10.0.1739362) 64-bit (glnxa64)
                               August 9, 2021

 
To get started, type doc.
For product information, visit www.mathworks.com.
 
>>>>>>>>>>>>>>> Current Channel Idx = 1 <<<<<<<<<<<<<<<<
================ SNR dB ===============
     3

================ SIGAMP ===============
   6.3887e-05

================ NOISEAMP ===============
   4.5227e-05

Starting parallel pool (parpool) using the 'local' profile ...
Connected to the parallel pool (number of workers: 1).
================ SNR dB ===============
     4

================ SIGAMP ===============
   6.3887e-05

================ NOISEAMP ===============
   1.2891e-09

================ SNR dB ===============
     5

================ SIGAMP ===============
   6.3887e-05

================ NOISEAMP ===============
   3.2749e-14

================ SNR dB ===============
     6

================ SIGAMP ===============
   6.3887e-05

================ NOISEAMP ===============
   7.4147e-19

================ SNR dB ===============
     7

================ SIGAMP ===============
   6.3887e-05

================ NOISEAMP ===============
   1.4962e-23

================ SNR dB ===============
     8

================ SIGAMP ===============
   6.3887e-05

================ NOISEAMP ===============
   2.6909e-28

================ SNR dB ===============
     9

================ SIGAMP ===============
   6.3887e-05

================ NOISEAMP ===============
   4.3131e-33

================ SNR dB ===============
    20

================ SIGAMP ===============
   6.3887e-05

================ NOISEAMP ===============
   1.9484e-38

================ SNR dB ===============
    30

================ SIGAMP ===============
   6.3887e-05

================ NOISEAMP ===============
   2.7835e-44

================ SNR dB ===============
    40

================ SIGAMP ===============
   6.3887e-05

================ NOISEAMP ===============
   1.2574e-50

================ SNR dB ===============
    50

================ SIGAMP ===============
   6.3887e-05

================ NOISEAMP ===============
   1.7963e-57

>>>>>>>>>>>>>>> Current Channel Idx = 2 <<<<<<<<<<<<<<<<
================ SNR dB ===============
     3

================ SIGAMP ===============
   6.3887e-05

================ NOISEAMP ===============
   4.5214e-05

================ SNR dB ===============
     4

================ SIGAMP ===============
   6.3887e-05

================ NOISEAMP ===============
   1.2888e-09

================ SNR dB ===============
     5

================ SIGAMP ===============
   6.3887e-05

================ NOISEAMP ===============
   3.2739e-14

================ SNR dB ===============
     6

================ SIGAMP ===============
   6.3887e-05

================ NOISEAMP ===============
   7.4126e-19

================ SNR dB ===============
     7

================ SIGAMP ===============
   6.3887e-05

================ NOISEAMP ===============
   1.4958e-23

================ SNR dB ===============
     8

================ SIGAMP ===============
   6.3887e-05

================ NOISEAMP ===============
   2.6901e-28

================ SNR dB ===============
     9

================ SIGAMP ===============
   6.3887e-05

================ NOISEAMP ===============
   4.3119e-33

================ SNR dB ===============
    20

================ SIGAMP ===============
   6.3887e-05

================ NOISEAMP ===============
   1.9479e-38

================ SNR dB ===============
    30

================ SIGAMP ===============
   6.3887e-05

================ NOISEAMP ===============
   2.7827e-44

================ SNR dB ===============
    40

================ SIGAMP ===============
   6.3887e-05

================ NOISEAMP ===============
   1.2571e-50

================ SNR dB ===============
    50

================ SIGAMP ===============
   6.3887e-05

================ NOISEAMP ===============
   1.7958e-57

>>>>>>>>>>>>>>> Current Channel Idx = 3 <<<<<<<<<<<<<<<<
================ SNR dB ===============
     3

================ SIGAMP ===============
   6.3887e-05

================ NOISEAMP ===============
   4.5193e-05

Warning: Rank deficient, rank = 2, tol =  5.024296e-14.
In parallel_function>make_general_channel/channel_general (line 841)
In remoteParallelFunction (line 67)

Warning: Rank deficient, rank = 2, tol =  5.024296e-14.
In parallel_function>make_general_channel/channel_general (line 841)
In remoteParallelFunction (line 67)

Warning: Rank deficient, rank = 2, tol =  5.024296e-14.
In parallel_function>make_general_channel/channel_general (line 841)
In remoteParallelFunction (line 67)

================ SNR dB ===============
     4

================ SIGAMP ===============
   6.3887e-05

================ NOISEAMP ===============
   1.2882e-09

================ SNR dB ===============
     5

================ SIGAMP ===============
   6.3887e-05

================ NOISEAMP ===============
   3.2724e-14

================ SNR dB ===============
     6

================ SIGAMP ===============
   6.3887e-05

================ NOISEAMP ===============
   7.4091e-19

================ SNR dB ===============
     7

================ SIGAMP ===============
   6.3887e-05

================ NOISEAMP ===============
   1.4951e-23

================ SNR dB ===============
     8

================ SIGAMP ===============
   6.3887e-05

================ NOISEAMP ===============
   2.6888e-28

================ SNR dB ===============
     9

================ SIGAMP ===============
   6.3887e-05

================ NOISEAMP ===============
   4.3099e-33

================ SNR dB ===============
    20

================ SIGAMP ===============
   6.3887e-05

================ NOISEAMP ===============
   1.9470e-38

================ SNR dB ===============
    30

================ SIGAMP ===============
   6.3887e-05

================ NOISEAMP ===============
   2.7814e-44

================ SNR dB ===============
    40

================ SIGAMP ===============
   6.3887e-05

================ NOISEAMP ===============
   1.2565e-50

================ SNR dB ===============
    50

================ SIGAMP ===============
   6.3887e-05

================ NOISEAMP ===============
   1.7950e-57

>>>>>>>>>>>>>>> Current Channel Idx = 4 <<<<<<<<<<<<<<<<
================ SNR dB ===============
     3

================ SIGAMP ===============
   6.3887e-05

================ NOISEAMP ===============
   4.5252e-05

================ SNR dB ===============
     4

================ SIGAMP ===============
   6.3887e-05

================ NOISEAMP ===============
   1.2898e-09

================ SNR dB ===============
     5

================ SIGAMP ===============
   6.3887e-05

================ NOISEAMP ===============
   3.2767e-14

================ SNR dB ===============
     6

================ SIGAMP ===============
   6.3887e-05

================ NOISEAMP ===============
   7.4188e-19

================ SNR dB ===============
     7

================ SIGAMP ===============
   6.3887e-05

================ NOISEAMP ===============
   1.4970e-23

================ SNR dB ===============
     8

================ SIGAMP ===============
   6.3887e-05

================ NOISEAMP ===============
   2.6923e-28

================ SNR dB ===============
     9

================ SIGAMP ===============
   6.3887e-05

================ NOISEAMP ===============
   4.3155e-33

================ SNR dB ===============
    20

================ SIGAMP ===============
   6.3887e-05

================ NOISEAMP ===============
   1.9495e-38

================ SNR dB ===============
    30

================ SIGAMP ===============
   6.3887e-05

================ NOISEAMP ===============
   2.7850e-44

================ SNR dB ===============
    40

================ SIGAMP ===============
   6.3887e-05

================ NOISEAMP ===============
   1.2581e-50

================ SNR dB ===============
    50

================ SIGAMP ===============
   6.3887e-05

================ NOISEAMP ===============
   1.7973e-57

>>>>>>>>>>>>>>> Current Channel Idx = 5 <<<<<<<<<<<<<<<<
================ SNR dB ===============
     3

================ SIGAMP ===============
   6.3887e-05

================ NOISEAMP ===============
   4.5241e-05

================ SNR dB ===============
     4

================ SIGAMP ===============
   6.3887e-05

================ NOISEAMP ===============
   1.2895e-09

================ SNR dB ===============
     5

================ SIGAMP ===============
   6.3887e-05

================ NOISEAMP ===============
   3.2759e-14

{Error using distcomp.remoteparfor/rebuildParforController (line 194)
All workers aborted during execution of the parfor loop.

Error in distcomp.remoteparfor/handleIntervalErrorResult (line 258)
                obj.rebuildParforController();

Error in distcomp.remoteparfor/getCompleteIntervals (line 395)
                            [r, err] = obj.handleIntervalErrorResult(r);

Error in AoA_debug (line 112)
        parfor trialIdx = 1:totalNumTrialsPerChannel
} 
{The client lost connection to worker 1. This might be due to network problems,
or the interactive communicating job might have errored.
} 
slurmstepd: error: Detected 1 oom_kill event in StepId=26657545.batch. Some of the step tasks have been OOM Killed.
