Picked up JAVA_TOOL_OPTIONS: -Xmx2g
Opening log file:  /tmp/java.log.43075

                            < M A T L A B (R) >
                  Copyright 1984-2021 The MathWorks, Inc.
             R2021a Update 5 (9.10.0.1739362) 64-bit (glnxa64)
                               August 9, 2021

 
To get started, type doc.
For product information, visit www.mathworks.com.
 
>>>>>>>>>>>>>>> Current Channel Idx = 1 <<<<<<<<<<<<<<<<
================ SNR dB ===============
     3

================ SIGAMP ===============
   6.3887e-05

================ NOISEAMP ===============
   4.5227e-05

Starting parallel pool (parpool) using the 'local' profile ...
Connected to the parallel pool (number of workers: 1).
================ SNR dB ===============
     4

================ SIGAMP ===============
   6.3887e-05

================ NOISEAMP ===============
   4.0297e-05

================ SNR dB ===============
     5

================ SIGAMP ===============
   6.3887e-05

================ NOISEAMP ===============
   3.5898e-05

================ SNR dB ===============
     6

================ SIGAMP ===============
   6.3887e-05

================ NOISEAMP ===============
   3.2036e-05

================ SNR dB ===============
     7

================ SIGAMP ===============
   6.3887e-05

================ NOISEAMP ===============
   2.8545e-05

================ SNR dB ===============
     8

================ SIGAMP ===============
   6.3887e-05

================ NOISEAMP ===============
   2.5429e-05

================ SNR dB ===============
     9

================ SIGAMP ===============
   6.3887e-05

================ NOISEAMP ===============
   2.2731e-05

================ SNR dB ===============
    20

================ SIGAMP ===============
   6.3887e-05

================ NOISEAMP ===============
   6.4050e-06

================ SNR dB ===============
    30

================ SIGAMP ===============
   6.3887e-05

================ NOISEAMP ===============
   2.0156e-06

================ SNR dB ===============
    40

================ SIGAMP ===============
   6.3887e-05

================ NOISEAMP ===============
   6.3975e-07

================ SNR dB ===============
    50

================ SIGAMP ===============
   6.3887e-05

================ NOISEAMP ===============
   2.0219e-07

>>>>>>>>>>>>>>> Current Channel Idx = 2 <<<<<<<<<<<<<<<<
================ SNR dB ===============
     3

================ SIGAMP ===============
   6.3887e-05

================ NOISEAMP ===============
   4.5105e-05

================ SNR dB ===============
     4

================ SIGAMP ===============
   6.3887e-05

================ NOISEAMP ===============
   4.0451e-05

================ SNR dB ===============
     5

================ SIGAMP ===============
   6.3887e-05

================ NOISEAMP ===============
   3.5879e-05

================ SNR dB ===============
     6

================ SIGAMP ===============
   6.3887e-05

================ NOISEAMP ===============
   3.1989e-05

================ SNR dB ===============
     7

================ SIGAMP ===============
   6.3887e-05

================ NOISEAMP ===============
   2.8511e-05

================ SNR dB ===============
     8

================ SIGAMP ===============
   6.3887e-05

================ NOISEAMP ===============
   2.5415e-05

================ SNR dB ===============
     9

================ SIGAMP ===============
   6.3887e-05

================ NOISEAMP ===============
   2.2642e-05

================ SNR dB ===============
    20

================ SIGAMP ===============
   6.3887e-05

================ NOISEAMP ===============
   6.3960e-06

================ SNR dB ===============
    30

================ SIGAMP ===============
   6.3887e-05

================ NOISEAMP ===============
   2.0205e-06

================ SNR dB ===============
    40

================ SIGAMP ===============
   6.3887e-05

================ NOISEAMP ===============
   6.4041e-07

================ SNR dB ===============
    50

================ SIGAMP ===============
   6.3887e-05

================ NOISEAMP ===============
   2.0175e-07

>>>>>>>>>>>>>>> Current Channel Idx = 3 <<<<<<<<<<<<<<<<
================ SNR dB ===============
     3

================ SIGAMP ===============
   6.3887e-05

================ NOISEAMP ===============
   4.5154e-05

================ SNR dB ===============
     4

================ SIGAMP ===============
   6.3887e-05

================ NOISEAMP ===============
   4.0364e-05

================ SNR dB ===============
     5

================ SIGAMP ===============
   6.3887e-05

================ NOISEAMP ===============
   3.5971e-05

================ SNR dB ===============
     6

================ SIGAMP ===============
   6.3887e-05

================ NOISEAMP ===============
   3.2043e-05

================ SNR dB ===============
     7

================ SIGAMP ===============
   6.3887e-05

================ NOISEAMP ===============
   2.8434e-05

================ SNR dB ===============
     8

================ SIGAMP ===============
   6.3887e-05

================ NOISEAMP ===============
   2.5422e-05

================ SNR dB ===============
     9

================ SIGAMP ===============
   6.3887e-05

================ NOISEAMP ===============
   2.2605e-05

================ SNR dB ===============
    20

================ SIGAMP ===============
   6.3887e-05

================ NOISEAMP ===============
   6.3937e-06

================ SNR dB ===============
    30

================ SIGAMP ===============
   6.3887e-05

================ NOISEAMP ===============
   2.0226e-06

================ SNR dB ===============
    40

================ SIGAMP ===============
   6.3887e-05

================ NOISEAMP ===============
   6.4004e-07

================ SNR dB ===============
    50

================ SIGAMP ===============
   6.3887e-05

================ NOISEAMP ===============
   2.0194e-07

>>>>>>>>>>>>>>> Current Channel Idx = 4 <<<<<<<<<<<<<<<<
================ SNR dB ===============
     3

================ SIGAMP ===============
   6.3887e-05

================ NOISEAMP ===============
   4.5292e-05

================ SNR dB ===============
     4

================ SIGAMP ===============
   6.3887e-05

================ NOISEAMP ===============
   4.0240e-05

================ SNR dB ===============
     5

================ SIGAMP ===============
   6.3887e-05

================ NOISEAMP ===============
   3.5859e-05

================ SNR dB ===============
     6

================ SIGAMP ===============
   6.3887e-05

================ NOISEAMP ===============
   3.2142e-05

================ SNR dB ===============
     7

================ SIGAMP ===============
   6.3887e-05

================ NOISEAMP ===============
   2.8622e-05

================ SNR dB ===============
     8

================ SIGAMP ===============
   6.3887e-05

================ NOISEAMP ===============
   2.5423e-05

================ SNR dB ===============
     9

================ SIGAMP ===============
   6.3887e-05

================ NOISEAMP ===============
   2.2644e-05

================ SNR dB ===============
    20

================ SIGAMP ===============
   6.3887e-05

================ NOISEAMP ===============
   6.3944e-06

================ SNR dB ===============
    30

================ SIGAMP ===============
   6.3887e-05

================ NOISEAMP ===============
   2.0235e-06

================ SNR dB ===============
    40

================ SIGAMP ===============
   6.3887e-05

================ NOISEAMP ===============
   6.3799e-07

================ SNR dB ===============
    50

================ SIGAMP ===============
   6.3887e-05

================ NOISEAMP ===============
   2.0111e-07

>>>>>>>>>>>>>>> Current Channel Idx = 5 <<<<<<<<<<<<<<<<
================ SNR dB ===============
     3

================ SIGAMP ===============
   6.3887e-05

================ NOISEAMP ===============
   4.5324e-05

================ SNR dB ===============
     4

================ SIGAMP ===============
   6.3887e-05

================ NOISEAMP ===============
   4.0233e-05

================ SNR dB ===============
     5

================ SIGAMP ===============
   6.3887e-05

================ NOISEAMP ===============
   3.5915e-05

================ SNR dB ===============
     6

================ SIGAMP ===============
   6.3887e-05

================ NOISEAMP ===============
   3.1977e-05

================ SNR dB ===============
     7

================ SIGAMP ===============
   6.3887e-05

================ NOISEAMP ===============
   2.8560e-05

================ SNR dB ===============
     8

================ SIGAMP ===============
   6.3887e-05

================ NOISEAMP ===============
   2.5450e-05

================ SNR dB ===============
     9

================ SIGAMP ===============
   6.3887e-05

================ NOISEAMP ===============
   2.2617e-05

================ SNR dB ===============
    20

================ SIGAMP ===============
   6.3887e-05

================ NOISEAMP ===============
   6.3920e-06

================ SNR dB ===============
    30

================ SIGAMP ===============
   6.3887e-05

================ NOISEAMP ===============
   2.0186e-06

================ SNR dB ===============
    40

================ SIGAMP ===============
   6.3887e-05

================ NOISEAMP ===============
   6.3952e-07

================ SNR dB ===============
    50

================ SIGAMP ===============
   6.3887e-05

================ NOISEAMP ===============
   2.0116e-07

>>>>>>>>>>>>>>> Current Channel Idx = 6 <<<<<<<<<<<<<<<<
================ SNR dB ===============
     3

================ SIGAMP ===============
   6.3887e-05

================ NOISEAMP ===============
   4.5157e-05

{Error using distcomp.remoteparfor/buildParforController (line 127)
No running parallel pool. To start a new parallel pool use parpool.

Error in distcomp.remoteparfor/rebuildParforController (line 189)
                obj.buildParforController();

Error in distcomp.remoteparfor/handleIntervalErrorResult (line 258)
                obj.rebuildParforController();

Error in distcomp.remoteparfor/getCompleteIntervals (line 395)
                            [r, err] = obj.handleIntervalErrorResult(r);

Error in AoA_debug (line 111)
        disp(noiseAmp)
} 
slurmstepd: error: Detected 1 oom_kill event in StepId=26657529.batch. Some of the step tasks have been OOM Killed.
